AndroidO2_COVERFLOW_SHARE-2/app/build/outputs/logs/manifest-merger-debug-report.txt
-- Merging decision tree log ---
manifest
ADDED from src/main/AndroidManifest.xml:2:1-121:12
	package
		ADDED from src/main/AndroidManifest.xml:4:5-50
		INJECTED from src/main/AndroidManifest.xml
		INJECTED from src/main/AndroidManifest.xml
	android:versionName
		INJECTED from src/main/AndroidManifest.xml
		INJECTED from src/main/AndroidManifest.xml
	xmlns:tools
		ADDED from src/main/AndroidManifest.xml:3:5-51
	xmlns:android
		ADDED from src/main/AndroidManifest.xml:2:11-69
	android:versionCode
		INJECTED from src/main/AndroidManifest.xml
		INJECTED from src/main/AndroidManifest.xml
uses-sdk
ADDED from src/main/AndroidManifest.xml:6:5-8:41
MERGED from [com.github.moondroid.coverflow:reco-sdk-android_1.1.3:1.0] AndroidManifest.xml:7:5-9:41
MERGED from [com.android.support:design:24.0.0] AndroidManifest.xml:20:5-43
MERGED from [com.android.support:support-v4:24.2.1] AndroidManifest.xml:21:5-23:54
MERGED from [com.android.support:support-compat:24.2.1] AndroidManifest.xml:21:5-23:58
MERGED from [com.android.support:support-media-compat:24.2.1] AndroidManifest.xml:21:5-23:63
MERGED from [com.android.support:support-core-utils:24.2.1] AndroidManifest.xml:21:5-23:61
MERGED from [com.android.support:support-core-ui:24.2.1] AndroidManifest.xml:21:5-23:58
MERGED from [com.android.support:support-fragment:24.2.1] AndroidManifest.xml:21:5-23:60
MERGED from [com.android.support:recyclerview-v7:24.0.0] AndroidManifest.xml:20:5-43
MERGED from [com.android.support:appcompat-v7:24.0.0] AndroidManifest.xml:21:5-23:78
MERGED from [com.android.support:support-vector-drawable:24.0.0] AndroidManifest.xml:21:5-43
MERGED from [com.android.support:animated-vector-drawable:24.0.0] AndroidManifest.xml:20:5-44
MERGED from [com.github.moondroid.coverflow:library:1.0] AndroidManifest.xml:7:5-9:41
MERGED from [com.google.android.gms:play-services-appindexing:8.1.0] AndroidManifest.xml:18:5-42
MERGED from [com.google.android.gms:play-services-basement:8.1.0] AndroidManifest.xml:18:5-42
MERGED from [com.facebook.android:facebook-android-sdk:4.16.0] AndroidManifest.xml:24:5-26:41
MERGED from [com.android.support:cardview-v7:23.4.0] AndroidManifest.xml:20:5-43
MERGED from [com.android.support:customtabs:23.4.0] AndroidManifest.xml:20:5-44
	tools:overrideLibrary
		ADDED from [com.android.support:support-v4:24.2.1] AndroidManifest.xml:23:9-51
	android:targetSdkVersion
		ADDED from src/main/AndroidManifest.xml:8:9-38
		INJECTED from src/main/AndroidManifest.xml
		INJECTED from src/main/AndroidManifest.xml
	android:minSdkVersion
		ADDED from src/main/AndroidManifest.xml:7:9-35
		INJECTED from src/main/AndroidManifest.xml
		INJECTED from src/main/AndroidManifest.xml
uses-permission#android.permission.INTERNET
ADDED from src/main/AndroidManifest.xml:10:5-67
	android:name
		ADDED from src/main/AndroidManifest.xml:10:22-64
uses-permission#android.permission.ACCESS_NETWORK_STATE
ADDED from src/main/AndroidManifest.xml:11:5-79
	android:name
		ADDED from src/main/AndroidManifest.xml:11:22-76
uses-permission#android.permission.VIBRATE
ADDED from src/main/AndroidManifest.xml:12:5-66
	android:name
		ADDED from src/main/AndroidManifest.xml:12:22-63
uses-permission#android.permission.BLUETOOTH
ADDED from src/main/AndroidManifest.xml:16:5-68
MERGED from [com.github.moondroid.coverflow:reco-sdk-android_1.1.3:1.0] AndroidManifest.xml:15:5-68
	android:name
		ADDED from src/main/AndroidManifest.xml:16:22-65
uses-permission#android.permission.BLUETOOTH_ADMIN
ADDED from src/main/AndroidManifest.xml:17:5-74
MERGED from [com.github.moondroid.coverflow:reco-sdk-android_1.1.3:1.0] AndroidManifest.xml:16:5-74
	android:name
		ADDED from src/main/AndroidManifest.xml:17:22-71
uses-feature#android.hardware.bluetooth_le
ADDED from src/main/AndroidManifest.xml:19:5-21:35
MERGED from [com.github.moondroid.coverflow:reco-sdk-android_1.1.3:1.0] AndroidManifest.xml:11:5-13:36
	android:required
		ADDED from src/main/AndroidManifest.xml:21:9-32
	android:name
		ADDED from src/main/AndroidManifest.xml:20:9-53
uses-permission#android.permission.ACCESS_COARSE_LOCATION
ADDED from src/main/AndroidManifest.xml:33:5-81
	android:name
		ADDED from src/main/AndroidManifest.xml:33:22-78
uses-permission#android.permission.ACCESS_FINE_LOCATION
ADDED from src/main/AndroidManifest.xml:34:5-79
	android:name
		ADDED from src/main/AndroidManifest.xml:34:22-76
android:uses-permission#android.permission.WRITE_EXTERNAL_STORAGE
ADDED from src/main/AndroidManifest.xml:36:5-89
	android:name
		ADDED from src/main/AndroidManifest.xml:36:30-86
android:uses-permission#android.permission.READ_PHONE_STATE
ADDED from src/main/AndroidManifest.xml:37:5-83
	android:name
		ADDED from src/main/AndroidManifest.xml:37:30-80
android:uses-permission#android.permission.READ_EXTERNAL_STORAGE
ADDED from src/main/AndroidManifest.xml:38:5-88
	android:name
		ADDED from src/main/AndroidManifest.xml:38:30-85
application
ADDED from src/main/AndroidManifest.xml:40:5-119:19
MERGED from [com.android.support:design:24.0.0] AndroidManifest.xml:22:5-20
MERGED from [com.android.support:support-v4:24.2.1] AndroidManifest.xml:25:5-20
MERGED from [com.android.support:support-compat:24.2.1] AndroidManifest.xml:25:5-20
MERGED from [com.android.support:support-media-compat:24.2.1] AndroidManifest.xml:25:5-20
MERGED from [com.android.support:support-core-utils:24.2.1] AndroidManifest.xml:25:5-20
MERGED from [com.android.support:support-core-ui:24.2.1] AndroidManifest.xml:25:5-20
MERGED from [com.android.support:support-fragment:24.2.1] AndroidManifest.xml:25:5-20
MERGED from [com.android.support:appcompat-v7:24.0.0] AndroidManifest.xml:25:5-20
MERGED from [com.android.support:support-vector-drawable:24.0.0] AndroidManifest.xml:23:5-20
MERGED from [com.android.support:animated-vector-drawable:24.0.0] AndroidManifest.xml:22:5-20
MERGED from [com.github.moondroid.coverflow:library:1.0] AndroidManifest.xml:11:5-14:19
MERGED from [com.google.android.gms:play-services-appindexing:8.1.0] AndroidManifest.xml:19:5-20
MERGED from [com.google.android.gms:play-services-basement:8.1.0] AndroidManifest.xml:20:5-24:19
MERGED from [com.facebook.android:facebook-android-sdk:4.16.0] AndroidManifest.xml:28:5-38:19
MERGED from [com.android.support:cardview-v7:23.4.0] AndroidManifest.xml:22:5-20
MERGED from [com.android.support:customtabs:23.4.0] AndroidManifest.xml:22:5-20
	android:label
		ADDED from src/main/AndroidManifest.xml:44:9-41
	android:supportsRtl
		ADDED from src/main/AndroidManifest.xml:45:9-35
	android:allowBackup
		ADDED from src/main/AndroidManifest.xml:42:9-35
	android:icon
		ADDED from src/main/AndroidManifest.xml:43:9-34
	android:theme
		ADDED from src/main/AndroidManifest.xml:46:9-52
	android:name
		ADDED from src/main/AndroidManifest.xml:41:9-38
activity#com.inducesmile.androidtabwithswipe.IntroActivity
ADDED from src/main/AndroidManifest.xml:47:9-55:20
	android:label
		ADDED from src/main/AndroidManifest.xml:49:13-45
	android:name
		ADDED from src/main/AndroidManifest.xml:48:13-42
intent-filter#android.intent.action.MAIN+android.intent.category.LAUNCHER
ADDED from src/main/AndroidManifest.xml:50:13-54:29
action#android.intent.action.MAIN
ADDED from src/main/AndroidManifest.xml:51:17-69
	android:name
		ADDED from src/main/AndroidManifest.xml:51:25-66
category#android.intent.category.LAUNCHER
ADDED from src/main/AndroidManifest.xml:53:17-77
	android:name
		ADDED from src/main/AndroidManifest.xml:53:27-74
activity#com.inducesmile.androidtabwithswipe.MainActivityb
ADDED from src/main/AndroidManifest.xml:56:9-51
	android:name
		ADDED from src/main/AndroidManifest.xml:56:19-48
activity#com.inducesmile.androidtabwithswipe.MainActivity
ADDED from src/main/AndroidManifest.xml:57:9-50
	android:name
		ADDED from src/main/AndroidManifest.xml:57:19-47
activity#com.inducesmile.androidtabwithswipe.RecoMonitoringActivity
ADDED from src/main/AndroidManifest.xml:58:9-69
	android:name
		ADDED from src/main/AndroidManifest.xml:58:19-57
activity#com.inducesmile.androidtabwithswipe.RecoRangingActivity
ADDED from src/main/AndroidManifest.xml:59:9-66
	android:name
		ADDED from src/main/AndroidManifest.xml:59:19-54
activity#com.inducesmile.androidtabwithswipe.O2ShoppingAssistant
ADDED from src/main/AndroidManifest.xml:60:9-62:53
	android:screenOrientation
		ADDED from src/main/AndroidManifest.xml:62:13-50
	android:name
		ADDED from src/main/AndroidManifest.xml:61:13-48
activity#com.inducesmile.androidtabwithswipe.AndroidO2
ADDED from src/main/AndroidManifest.xml:63:9-47
	android:name
		ADDED from src/main/AndroidManifest.xml:63:19-44
activity#com.inducesmile.androidtabwithswipe.SubActivity
ADDED from src/main/AndroidManifest.xml:64:9-49
	android:name
		ADDED from src/main/AndroidManifest.xml:64:19-46
activity#com.inducesmile.androidtabwithswipe.PopupStore
ADDED from src/main/AndroidManifest.xml:65:9-48
	android:name
		ADDED from src/main/AndroidManifest.xml:65:19-45
activity#com.inducesmile.androidtabwithswipe.PopupConsist
ADDED from src/main/AndroidManifest.xml:66:9-50
	android:name
		ADDED from src/main/AndroidManifest.xml:66:19-47
activity#com.inducesmile.androidtabwithswipe.PopupSize
ADDED from src/main/AndroidManifest.xml:67:9-47
	android:name
		ADDED from src/main/AndroidManifest.xml:67:19-44
activity#com.inducesmile.androidtabwithswipe.FacebookPhoto
ADDED from src/main/AndroidManifest.xml:68:9-51
	android:name
		ADDED from src/main/AndroidManifest.xml:68:19-48
activity#com.inducesmile.androidtabwithswipe.Information
ADDED from src/main/AndroidManifest.xml:69:9-74:66
	android:screenOrientation
		ADDED from src/main/AndroidManifest.xml:72:13-49
	android:windowSoftInputMode
		ADDED from src/main/AndroidManifest.xml:74:13-54
	android:configChanges
		ADDED from src/main/AndroidManifest.xml:71:13-63
	android:theme
		ADDED from src/main/AndroidManifest.xml:73:13-56
	android:name
		ADDED from src/main/AndroidManifest.xml:70:13-40
activity#com.facebook.FacebookActivity
ADDED from src/main/AndroidManifest.xml:75:9-80:54
MERGED from [com.facebook.android:facebook-android-sdk:4.16.0] AndroidManifest.xml:29:9-32:66
	android:label
		ADDED from src/main/AndroidManifest.xml:78:13-45
	android:configChanges
		ADDED from src/main/AndroidManifest.xml:77:13-96
	android:theme
		ADDED from src/main/AndroidManifest.xml:79:13-72
		REJECTED from [com.facebook.android:facebook-android-sdk:4.16.0] AndroidManifest.xml:32:13-63
	tools:replace
		ADDED from src/main/AndroidManifest.xml:80:13-42
	android:name
		ADDED from src/main/AndroidManifest.xml:76:13-57
activity#com.facebook.CustomTabActivity
ADDED from src/main/AndroidManifest.xml:81:9-92:20
MERGED from [com.facebook.android:facebook-android-sdk:4.16.0] AndroidManifest.xml:33:9-36:20
	android:exported
		ADDED from src/main/AndroidManifest.xml:83:13-36
	android:name
		ADDED from src/main/AndroidManifest.xml:82:13-58
intent-filter#android.intent.action.VIEW+android.intent.category.BROWSABLE+android.intent.category.DEFAULT
ADDED from src/main/AndroidManifest.xml:84:13-91:29
action#android.intent.action.VIEW
ADDED from src/main/AndroidManifest.xml:85:17-69
	android:name
		ADDED from src/main/AndroidManifest.xml:85:25-66
category#android.intent.category.DEFAULT
ADDED from src/main/AndroidManifest.xml:87:17-76
	android:name
		ADDED from src/main/AndroidManifest.xml:87:27-73
category#android.intent.category.BROWSABLE
ADDED from src/main/AndroidManifest.xml:88:17-78
	android:name
		ADDED from src/main/AndroidManifest.xml:88:27-75
data
ADDED from src/main/AndroidManifest.xml:90:17-75
	android:scheme
		ADDED from src/main/AndroidManifest.xml:90:23-72
meta-data#com.facebook.sdk.ApplicationId
ADDED from src/main/AndroidManifest.xml:94:9-96:55
	android:value
		ADDED from src/main/AndroidManifest.xml:96:13-52
	android:name
		ADDED from src/main/AndroidManifest.xml:95:13-58
provider#com.facebook.FacebookContentProvider
ADDED from src/main/AndroidManifest.xml:98:9-101:39
	android:authorities
		ADDED from src/main/AndroidManifest.xml:100:13-90
	android:exported
		ADDED from src/main/AndroidManifest.xml:101:13-36
	android:name
		ADDED from src/main/AndroidManifest.xml:99:13-64
meta-data#com.google.android.gms.version
ADDED from src/main/AndroidManifest.xml:103:9-105:69
MERGED from [com.google.android.gms:play-services-basement:8.1.0] AndroidManifest.xml:21:9-23:69
	android:value
		ADDED from src/main/AndroidManifest.xml:105:13-66
	android:name
		ADDED from src/main/AndroidManifest.xml:104:13-58
service#com.perples.recosdk.RECOBeaconService
ADDED from src/main/AndroidManifest.xml:111:9-73
	android:name
		ADDED from src/main/AndroidManifest.xml:111:18-70
service#com.inducesmile.androidtabwithswipe.RecoBackgroundMonitoringService
ADDED from src/main/AndroidManifest.xml:112:9-68
	android:name
		ADDED from src/main/AndroidManifest.xml:112:18-65
service#com.inducesmile.androidtabwithswipe.RecoBackgroundRangingService
ADDED from src/main/AndroidManifest.xml:113:9-65
	android:name
		ADDED from src/main/AndroidManifest.xml:113:18-62
activity#com.inducesmile.androidtabwithswipe.BookMarkActivity
ADDED from src/main/AndroidManifest.xml:115:9-118:68
	android:label
		ADDED from src/main/AndroidManifest.xml:117:13-61
	android:theme
		ADDED from src/main/AndroidManifest.xml:118:13-56
	android:name
		ADDED from src/main/AndroidManifest.xml:116:13-45
activity#com.facebook.CustomTabMainActivity
ADDED from [com.facebook.android:facebook-android-sdk:4.16.0] AndroidManifest.xml:37:9-71
	android:name
		ADDED from [com.facebook.android:facebook-android-sdk:4.16.0] AndroidManifest.xml:37:19-68